11:08:16.264 [main] DEBUG com.intuit.karate.Suite - [config] classpath:karate-config.js
11:08:16.962 [main] INFO  com.intuit.karate - karate.env system property was: null 
11:08:17.008 [main] INFO  com.intuit.karate - [print] pet is:  {
  "id": 17142122,
  "category": {
    "id": 0,
    "name": "string"
  },
  "name": "Oso",
  "photoUrls": [
    "string"
  ],
  "tags": [
    {
      "id": 0,
      "name": "string"
    }
  ],
  "status": "available"
}
 
11:08:17.200 [main] DEBUG com.intuit.karate - request:
1 > POST https://petstore.swagger.io/v2/pet
1 > Content-Type: application/json; charset=UTF-8
1 > Content-Length: 142
1 > Host: petstore.swagger.io
1 > Connection: Keep-Alive
1 > User-Agent: Apache-HttpClient/4.5.14 (Java/21.0.1)
1 > Accept-Encoding: gzip,deflate
{"id":17142122,"category":{"id":0,"name":"string"},"name":"Oso","photoUrls":["string"],"tags":[{"id":0,"name":"string"}],"status":"available"}

11:08:17.879 [main] DEBUG com.intuit.karate - response time in milliseconds: 674
1 < 200
1 < Date: Tue, 21 May 2024 16:08:18 GMT
1 < Content-Type: application/json
1 < Transfer-Encoding: chunked
1 < Connection: keep-alive
1 < Access-Control-Allow-Origin: *
1 < Access-Control-Allow-Methods: GET, POST, DELETE, PUT
1 < Access-Control-Allow-Headers: Content-Type, api_key, Authorization
1 < Server: Jetty(9.2.9.v20150224)
{"id":17142122,"category":{"id":0,"name":"string"},"name":"Oso","photoUrls":["string"],"tags":[{"id":0,"name":"string"}],"status":"available"}

11:08:17.908 [main] INFO  com.intuit.karate - karate.env system property was: null 
11:08:17.913 [main] INFO  com.intuit.karate - [print] pet is:  17142122 
11:08:17.917 [main] DEBUG com.intuit.karate - request:
1 > GET https://petstore.swagger.io/v2/pet/17142122
1 > Host: petstore.swagger.io
1 > Connection: Keep-Alive
1 > User-Agent: Apache-HttpClient/4.5.14 (Java/21.0.1)
1 > Accept-Encoding: gzip,deflate


11:08:18.228 [main] DEBUG com.intuit.karate - response time in milliseconds: 310
1 < 200
1 < Date: Tue, 21 May 2024 16:08:18 GMT
1 < Content-Type: application/json
1 < Transfer-Encoding: chunked
1 < Connection: keep-alive
1 < Access-Control-Allow-Origin: *
1 < Access-Control-Allow-Methods: GET, POST, DELETE, PUT
1 < Access-Control-Allow-Headers: Content-Type, api_key, Authorization
1 < Server: Jetty(9.2.9.v20150224)
{"id":17142122,"category":{"id":0,"name":"string"},"name":"Oso","photoUrls":["string"],"tags":[{"id":0,"name":"string"}],"status":"available"}

11:08:18.249 [main] INFO  com.intuit.karate - karate.env system property was: null 
11:08:18.251 [main] INFO  com.intuit.karate - [print] pet update is:  {
  "id": 17142122,
  "category": {
    "id": 0,
    "name": "string"
  },
  "name": "Oso de Peluche",
  "photoUrls": [
    "string"
  ],
  "tags": [
    {
      "id": 0,
      "name": "string"
    }
  ],
  "status": "sold"
}
 
11:08:18.256 [main] DEBUG com.intuit.karate - request:
1 > PUT https://petstore.swagger.io/v2/pet
1 > Content-Type: application/json; charset=UTF-8
1 > Content-Length: 148
1 > Host: petstore.swagger.io
1 > Connection: Keep-Alive
1 > User-Agent: Apache-HttpClient/4.5.14 (Java/21.0.1)
1 > Accept-Encoding: gzip,deflate
{"id":17142122,"category":{"id":0,"name":"string"},"name":"Oso de Peluche","photoUrls":["string"],"tags":[{"id":0,"name":"string"}],"status":"sold"}

11:08:18.552 [main] DEBUG com.intuit.karate - response time in milliseconds: 295
1 < 200
1 < Date: Tue, 21 May 2024 16:08:18 GMT
1 < Content-Type: application/json
1 < Transfer-Encoding: chunked
1 < Connection: keep-alive
1 < Access-Control-Allow-Origin: *
1 < Access-Control-Allow-Methods: GET, POST, DELETE, PUT
1 < Access-Control-Allow-Headers: Content-Type, api_key, Authorization
1 < Server: Jetty(9.2.9.v20150224)
{"id":17142122,"category":{"id":0,"name":"string"},"name":"Oso de Peluche","photoUrls":["string"],"tags":[{"id":0,"name":"string"}],"status":"sold"}

11:08:18.562 [main] INFO  com.intuit.karate - karate.env system property was: null 
11:08:18.566 [main] INFO  com.intuit.karate - [print] pet is:  sold 
11:08:18.579 [main] DEBUG com.intuit.karate - request:
1 > GET https://petstore.swagger.io/v2/pet/findByStatus?status=sold
1 > Host: petstore.swagger.io
1 > Connection: Keep-Alive
1 > User-Agent: Apache-HttpClient/4.5.14 (Java/21.0.1)
1 > Accept-Encoding: gzip,deflate


11:08:18.892 [main] DEBUG com.intuit.karate - response time in milliseconds: 310
1 < 200
1 < Date: Tue, 21 May 2024 16:08:19 GMT
1 < Content-Type: application/json
1 < Transfer-Encoding: chunked
1 < Connection: keep-alive
1 < Access-Control-Allow-Origin: *
1 < Access-Control-Allow-Methods: GET, POST, DELETE, PUT
1 < Access-Control-Allow-Headers: Content-Type, api_key, Authorization
1 < Server: Jetty(9.2.9.v20150224)
[{"id":9223372036854775134,"category":{"id":0,"name":"string"},"name":"Sasiska","photoUrls":["string"],"tags":[{"id":0,"name":"update"}],"status":"sold"},{"id":9223372036854775158,"category":{"id":0,"name":"string"},"name":"Sasiska","photoUrls":["string"],"tags":[{"id":0,"name":"update"}],"status":"sold"},{"id":9223372036854775182,"category":{"id":0,"name":"Snake"},"name":"Nagini","photoUrls":["string"],"tags":[{"id":0,"name":"string"}],"status":"sold"},{"id":9223372036854775186,"category":{"id":0,"name":"string"},"name":"Sasiska","photoUrls":["string"],"tags":[{"id":0,"name":"update"}],"status":"sold"},{"id":9223372036854775193,"category":{"id":0,"name":"string"},"name":"Sasiska","photoUrls":["string"],"tags":[{"id":0,"name":"update"}],"status":"sold"},{"id":9223372036854775202,"category":{"id":0,"name":"German Shepperd"},"name":"Reaper","photoUrls":["https://images.app.goo.gl/Hdv2ocZVn7tBmaNn7"],"tags":[{"id":0,"name":"Brownish"}],"status":"sold"},{"id":9223372036854775209,"category":{"id":0,"name":"German Shepperd"},"name":"Reaper","photoUrls":["https://images.app.goo.gl/Hdv2ocZVn7tBmaNn7"],"tags":[{"id":0,"name":"Brownish"}],"status":"sold"},{"id":9223372036854775213,"category":{"id":0,"name":"German Shepperd"},"name":"Reaper","photoUrls":["https://images.app.goo.gl/Hdv2ocZVn7tBmaNn7"],"tags":[{"id":0,"name":"Brownish"}],"status":"sold"},{"id":19467,"name":"見響见响仮仏!$%&()*+,-ƄƅƆḞḟṀʶʷʸăĄą","photoUrls":["https://petstore3.swagger.io/resources/photos/623389095.jpg"],"tags":[],"status":"sold"},{"id":669,"category":{"id":786,"name":"McClure"},"name":"Willa_Rosenbaum20","photoUrls":[],"tags":[{"id":610,"name":"Howell"},{"id":996,"name":"Auer"}],"status":"sold"},{"id":435,"category":{"id":687,"name":"Barton"},"name":"Claud.Orn51","photoUrls":[],"tags":[{"id":875,"name":"Mitchell"},{"id":474,"name":"Feest"}],"status":"sold"},{"id":3448821007281898182,"category":{"id":95,"name":"ajxvi"},"name":"wkttp","photoUrls":["yoziblxzfnikuoq"],"tags":[{"id":41556,"name":"skvmv"}],"status":"sold"},{"id":24022022,"category":{"id":0,"name":"dog category"},"name":"brian","photoUrls":["ftp:\\someurl.com"],"tags":[{"id":0,"name":"tag0"}],"status":"sold"},{"id":24022023,"category":{"id":1,"name":"cat category"},"name":"tom","photoUrls":["ftp:\\someurl.com"],"tags":[{"id":1,"name":"tag1"}],"status":"sold"},{"id":25111982,"category":{"id":0,"name":"rat"},"name":"Shyra","photoUrls":["https://www.istockphoto.com/pl/zdj%C4%99cie/szczur-jest-symbolem-nowego-roku-2020-gm1086356158-291481301"],"tags":[{"id":0,"name":"string"}],"status":"sold"},{"id":70381,"category":{"id":0,"name":"string"},"name":"Labrador","photoUrls":["string"],"tags":[{"id":0,"name":"string"}],"status":"sold"},{"id":30772,"category":{"id":0,"name":"string"},"name":"Labrador","photoUrls":["string"],"tags":[{"id":0,"name":"string"}],"status":"sold"},{"id":281199,"category":{"id":0,"name":"Chupacabra"},"name":"Shakira","photoUrls":["string"],"tags":[{"id":39001,"name":"POP"}],"status":"sold"},{"id":281200,"category":{"id":0,"name":"Chupacabra"},"name":"Shakira","photoUrls":["string"],"tags":[{"id":39001,"name":"POP"}],"status":"sold"},{"id":281201,"category":{"id":0,"name":"Chupacabra"},"name":"Shakira","photoUrls":["string"],"tags":[{"id":39001,"name":"POP"}],"status":"sold"},{"id":281197,"category":{"id":0,"name":"Chupacabra"},"name":"Jonny","photoUrls":["string"],"tags":[{"id":39001,"name":"POP"}],"status":"sold"},{"id":281198,"category":{"id":0,"name":"Chupacabra"},"name":"Matilda","photoUrls":["string"],"tags":[{"id":39001,"name":"POP"}],"status":"sold"},{"id":69899,"category":{"id":0,"name":"string"},"name":"Labrador","photoUrls":["string"],"tags":[{"id":0,"name":"string"}],"status":"sold"},{"id":49969,"category":{"id":0,"name":"string"},"name":"Labrador","photoUrls":["string"],"tags":[{"id":0,"name":"string"}],"status":"sold"},{"id":43881,"category":{"id":0,"name":"string"},"name":"Labrador","photoUrls":["string"],"tags":[{"id":0,"name":"string"}],"status":"sold"},{"id":1251251251251254624,"category":{"id":1,"name":"Walter"},"name":"Jimmy","photoUrls":[],"tags":[{"id":0,"name":"<string>"},{"id":0,"name":"Jerry"}],"status":"sold"},{"id":165,"category":{"id":778,"name":"Connelly"},"name":"Joanne.Flatley43","photoUrls":[],"tags":[{"id":849,"name":"Veum"},{"id":159,"name":"Johns"}],"status":"sold"},{"id":166,"category":{"id":545,"name":"McLaughlin"},"name":"Myriam_Schumm","photoUrls":[],"tags":[{"id":46,"name":"Medhurst"},{"id":497,"name":"Champlin"}],"status":"sold"},{"id":888,"category":{"id":224,"name":"Kozey"},"name":"Chanelle37","photoUrls":[],"tags":[{"id":255,"name":"Braun"},{"id":33,"name":"Feil"}],"status":"sold"},{"id":150,"category":{"id":1,"name":"perros"},"name":"Fonsi","photoUrls":["string"],"tags":[{"id":1,"name":"Tag 1"},{"id":2,"name":"Tag 2"}],"status":"sold"},{"id":85,"category":{"id":196,"name":"Ullrich"},"name":"Delta.Paucek","photoUrls":[],"tags":[{"id":325,"name":"Runte"},{"id":430,"name":"Schumm"}],"status":"sold"},{"id":37930519,"category":{"id":-20083820,"name":"est"},"name":"doggie","photoUrls":["consectetur","proident sint"],"tags":[{"id":-50305895,"name":"occaecat labore"},{"id":-90748378,"name":"Duis irure"}],"status":"sold"},{"id":546246727,"category":{"id":0,"name":"string"},"name":"Oso de Peluche","photoUrls":["string"],"tags":[{"id":0,"name":"string"}],"status":"sold"},{"id":500246727,"category":{"id":0,"name":"string"},"name":"Oso de Peluche","photoUrls":["string"],"tags":[{"id":0,"name":"string"}],"status":"sold"},{"id":20593238,"category":{"id":96650357,"name":"ut aute"},"name":"doggie","photoUrls":["in deserunt sit qui elit","do dolore"],"tags":[{"id":80489283,"name":"dolore elit aute Excepteur anim"},{"id":-29854588,"name":"enim"}],"status":"sold"},{"id":1234567,"category":{"id":35,"name":"caini"},"name":"Grivei update","photoUrls":[],"tags":[{"id":1,"name":"dalmatian"}],"status":"sold"},{"id":9223372036854775000,"category":{"id":0,"name":"string"},"name":"doggie","photoUrls":["string"],"tags":[{"id":0,"name":"string"}],"status":"sold"},{"id":726432,"category":{"id":726432,"name":"Baki"},"name":"Kuska","photoUrls":["string"],"tags":[{"id":0,"name":"string"}],"status":"sold"},{"id":322217,"category":{"id":610540,"name":"sabre"},"name":"puppy2","photoUrls":["string"],"tags":[{"id":678887,"name":"sohan"}],"status":"sold"},{"id":17142122,"category":{"id":0,"name":"string"},"name":"Oso de Peluche","photoUrls":["string"],"tags":[{"id":0,"name":"string"}],"status":"sold"}]

11:08:19.341 [main] INFO  com.intuit.karate - karate.env system property was: null 
11:08:19.345 [main] INFO  com.intuit.karate - [print] pet is:  {
}
 
11:08:19.346 [main] DEBUG com.intuit.karate - request:
1 > POST https://petstore.swagger.io/v2/pet
1 > Content-Type: application/json; charset=UTF-8
1 > Content-Length: 2
1 > Host: petstore.swagger.io
1 > Connection: Keep-Alive
1 > User-Agent: Apache-HttpClient/4.5.14 (Java/21.0.1)
1 > Accept-Encoding: gzip,deflate
{}

11:08:19.640 [main] DEBUG com.intuit.karate - response time in milliseconds: 293
1 < 200
1 < Date: Tue, 21 May 2024 16:08:20 GMT
1 < Content-Type: application/json
1 < Transfer-Encoding: chunked
1 < Connection: keep-alive
1 < Access-Control-Allow-Origin: *
1 < Access-Control-Allow-Methods: GET, POST, DELETE, PUT
1 < Access-Control-Allow-Headers: Content-Type, api_key, Authorization
1 < Server: Jetty(9.2.9.v20150224)
{"id":9223372036854775807,"photoUrls":[],"tags":[]}

11:08:19.654 [main] ERROR com.intuit.karate - classpath:usercases/feature/petnegativecases.feature:13
Then status 405
status code was: 200, expected: 405, response time in milliseconds: 293, url: https://petstore.swagger.io/v2/pet, response: 
{"id":9223372036854775807,"photoUrls":[],"tags":[]}
classpath:usercases/feature/petnegativecases.feature:13
11:08:19.668 [main] INFO  com.intuit.karate - karate.env system property was: null 
11:08:19.671 [main] DEBUG com.intuit.karate - request:
1 > GET https://petstore.swagger.io/v2/pet/345356680
1 > Host: petstore.swagger.io
1 > Connection: Keep-Alive
1 > User-Agent: Apache-HttpClient/4.5.14 (Java/21.0.1)
1 > Accept-Encoding: gzip,deflate


11:08:19.980 [main] DEBUG com.intuit.karate - response time in milliseconds: 308
1 < 404
1 < Date: Tue, 21 May 2024 16:08:20 GMT
1 < Content-Type: application/json
1 < Transfer-Encoding: chunked
1 < Connection: keep-alive
1 < Access-Control-Allow-Origin: *
1 < Access-Control-Allow-Methods: GET, POST, DELETE, PUT
1 < Access-Control-Allow-Headers: Content-Type, api_key, Authorization
1 < Server: Jetty(9.2.9.v20150224)
{"code":1,"type":"error","message":"Pet not found"}

11:08:19.984 [main] ERROR com.intuit.karate - classpath:usercases/feature/petnegativecases.feature:19
And match response contains jsonResponse404
match failed: CONTAINS
  $ | actual does not contain expected | all key-values did not match, expected has un-matched keys - [code] (MAP:MAP)
  {"code":1,"type":"error","message":"Pet not found"}
  {"code":404,"type":"error","message":"Pet not found"}

    $.code | not equal (NUMBER:NUMBER)
    1
    404

classpath:usercases/feature/petnegativecases.feature:19
11:08:19.997 [main] INFO  com.intuit.karate - karate.env system property was: null 
11:08:20.005 [main] DEBUG com.intuit.karate - request:
1 > GET https://petstore.swagger.io/v2/pet/-56
1 > Host: petstore.swagger.io
1 > Connection: Keep-Alive
1 > User-Agent: Apache-HttpClient/4.5.14 (Java/21.0.1)
1 > Accept-Encoding: gzip,deflate


11:08:20.310 [main] DEBUG com.intuit.karate - response time in milliseconds: 305
1 < 404
1 < Date: Tue, 21 May 2024 16:08:20 GMT
1 < Content-Type: application/json
1 < Transfer-Encoding: chunked
1 < Connection: keep-alive
1 < Access-Control-Allow-Origin: *
1 < Access-Control-Allow-Methods: GET, POST, DELETE, PUT
1 < Access-Control-Allow-Headers: Content-Type, api_key, Authorization
1 < Server: Jetty(9.2.9.v20150224)
{"code":1,"type":"error","message":"Pet not found"}

11:08:20.312 [main] ERROR com.intuit.karate - classpath:usercases/feature/petnegativecases.feature:24
Then status 400
status code was: 404, expected: 400, response time in milliseconds: 305, url: https://petstore.swagger.io/v2/pet/-56, response: 
{"code":1,"type":"error","message":"Pet not found"}
classpath:usercases/feature/petnegativecases.feature:24
11:08:20.319 [main] INFO  com.intuit.karate - karate.env system property was: null 
11:08:20.324 [main] INFO  com.intuit.karate - [print] pet update is:  {
  "id": 500246727,
  "category": {
    "id": 0,
    "name": "string"
  },
  "name": "Oso de Peluche",
  "photoUrls": [
    "string"
  ],
  "tags": [
    {
      "id": 0,
      "name": "string"
    }
  ],
  "status": "sold"
}
 
11:08:20.328 [main] DEBUG com.intuit.karate - request:
1 > PUT https://petstore.swagger.io/v2/pet
1 > Content-Type: application/json; charset=UTF-8
1 > Content-Length: 149
1 > Host: petstore.swagger.io
1 > Connection: Keep-Alive
1 > User-Agent: Apache-HttpClient/4.5.14 (Java/21.0.1)
1 > Accept-Encoding: gzip,deflate
{"id":500246727,"category":{"id":0,"name":"string"},"name":"Oso de Peluche","photoUrls":["string"],"tags":[{"id":0,"name":"string"}],"status":"sold"}

11:08:20.619 [main] DEBUG com.intuit.karate - response time in milliseconds: 290
1 < 200
1 < Date: Tue, 21 May 2024 16:08:20 GMT
1 < Content-Type: application/json
1 < Transfer-Encoding: chunked
1 < Connection: keep-alive
1 < Access-Control-Allow-Origin: *
1 < Access-Control-Allow-Methods: GET, POST, DELETE, PUT
1 < Access-Control-Allow-Headers: Content-Type, api_key, Authorization
1 < Server: Jetty(9.2.9.v20150224)
{"id":500246727,"category":{"id":0,"name":"string"},"name":"Oso de Peluche","photoUrls":["string"],"tags":[{"id":0,"name":"string"}],"status":"sold"}

11:08:20.621 [main] ERROR com.intuit.karate - classpath:usercases/feature/petnegativecases.feature:31
Then status 404
status code was: 200, expected: 404, response time in milliseconds: 290, url: https://petstore.swagger.io/v2/pet, response: 
{"id":500246727,"category":{"id":0,"name":"string"},"name":"Oso de Peluche","photoUrls":["string"],"tags":[{"id":0,"name":"string"}],"status":"sold"}
classpath:usercases/feature/petnegativecases.feature:31
11:08:20.631 [main] INFO  com.intuit.karate - karate.env system property was: null 
11:08:20.639 [main] DEBUG com.intuit.karate - request:
1 > GET https://petstore.swagger.io/v2/pet/findByStatus?status=found
1 > Host: petstore.swagger.io
1 > Connection: Keep-Alive
1 > User-Agent: Apache-HttpClient/4.5.14 (Java/21.0.1)
1 > Accept-Encoding: gzip,deflate


11:08:20.917 [main] DEBUG com.intuit.karate - response time in milliseconds: 278
1 < 200
1 < Date: Tue, 21 May 2024 16:08:21 GMT
1 < Content-Type: application/json
1 < Transfer-Encoding: chunked
1 < Connection: keep-alive
1 < Access-Control-Allow-Origin: *
1 < Access-Control-Allow-Methods: GET, POST, DELETE, PUT
1 < Access-Control-Allow-Headers: Content-Type, api_key, Authorization
1 < Server: Jetty(9.2.9.v20150224)
[]

11:08:20.919 [main] ERROR com.intuit.karate - classpath:usercases/feature/petnegativecases.feature:37
Then status 400
status code was: 200, expected: 400, response time in milliseconds: 278, url: https://petstore.swagger.io/v2/pet/findByStatus?status=found, response: 
[]
classpath:usercases/feature/petnegativecases.feature:37
17:59:05.757 [main] DEBUG com.intuit.karate.Suite - [config] classpath:karate-config.js
17:59:06.409 [main] INFO  com.intuit.karate - karate.env system property was: null 
17:59:06.463 [main] INFO  com.intuit.karate - [print] pet is:  {
  "id": 17142122,
  "category": {
    "id": 0,
    "name": "string"
  },
  "name": "Oso",
  "photoUrls": [
    "string"
  ],
  "tags": [
    {
      "id": 0,
      "name": "string"
    }
  ],
  "status": "available"
}
 
17:59:06.717 [main] DEBUG com.intuit.karate - request:
1 > POST https://petstore.swagger.io/v2/pet
1 > Content-Type: application/json; charset=UTF-8
1 > Content-Length: 142
1 > Host: petstore.swagger.io
1 > Connection: Keep-Alive
1 > User-Agent: Apache-HttpClient/4.5.14 (Java/21.0.1)
1 > Accept-Encoding: gzip,deflate
{"id":17142122,"category":{"id":0,"name":"string"},"name":"Oso","photoUrls":["string"],"tags":[{"id":0,"name":"string"}],"status":"available"}

17:59:07.353 [main] DEBUG com.intuit.karate - response time in milliseconds: 631
1 < 200
1 < Date: Tue, 21 May 2024 22:59:07 GMT
1 < Content-Type: application/json
1 < Transfer-Encoding: chunked
1 < Connection: keep-alive
1 < Access-Control-Allow-Origin: *
1 < Access-Control-Allow-Methods: GET, POST, DELETE, PUT
1 < Access-Control-Allow-Headers: Content-Type, api_key, Authorization
1 < Server: Jetty(9.2.9.v20150224)
{"id":17142122,"category":{"id":0,"name":"string"},"name":"Oso","photoUrls":["string"],"tags":[{"id":0,"name":"string"}],"status":"available"}

17:59:07.379 [main] INFO  com.intuit.karate - karate.env system property was: null 
17:59:07.382 [main] INFO  com.intuit.karate - [print] pet is:  17142122 
17:59:07.384 [main] DEBUG com.intuit.karate - request:
1 > GET https://petstore.swagger.io/v2/pet/17142122
1 > Host: petstore.swagger.io
1 > Connection: Keep-Alive
1 > User-Agent: Apache-HttpClient/4.5.14 (Java/21.0.1)
1 > Accept-Encoding: gzip,deflate


17:59:07.704 [main] DEBUG com.intuit.karate - response time in milliseconds: 318
1 < 200
1 < Date: Tue, 21 May 2024 22:59:08 GMT
1 < Content-Type: application/json
1 < Transfer-Encoding: chunked
1 < Connection: keep-alive
1 < Access-Control-Allow-Origin: *
1 < Access-Control-Allow-Methods: GET, POST, DELETE, PUT
1 < Access-Control-Allow-Headers: Content-Type, api_key, Authorization
1 < Server: Jetty(9.2.9.v20150224)
{"id":17142122,"category":{"id":0,"name":"string"},"name":"Oso","photoUrls":["string"],"tags":[{"id":0,"name":"string"}],"status":"available"}

17:59:07.720 [main] INFO  com.intuit.karate - karate.env system property was: null 
17:59:07.724 [main] INFO  com.intuit.karate - [print] pet update is:  {
  "id": 17142122,
  "category": {
    "id": 0,
    "name": "string"
  },
  "name": "Oso de Peluche",
  "photoUrls": [
    "string"
  ],
  "tags": [
    {
      "id": 0,
      "name": "string"
    }
  ],
  "status": "sold"
}
 
17:59:07.727 [main] DEBUG com.intuit.karate - request:
1 > PUT https://petstore.swagger.io/v2/pet
1 > Content-Type: application/json; charset=UTF-8
1 > Content-Length: 148
1 > Host: petstore.swagger.io
1 > Connection: Keep-Alive
1 > User-Agent: Apache-HttpClient/4.5.14 (Java/21.0.1)
1 > Accept-Encoding: gzip,deflate
{"id":17142122,"category":{"id":0,"name":"string"},"name":"Oso de Peluche","photoUrls":["string"],"tags":[{"id":0,"name":"string"}],"status":"sold"}

17:59:08.036 [main] DEBUG com.intuit.karate - response time in milliseconds: 309
1 < 200
1 < Date: Tue, 21 May 2024 22:59:08 GMT
1 < Content-Type: application/json
1 < Transfer-Encoding: chunked
1 < Connection: keep-alive
1 < Access-Control-Allow-Origin: *
1 < Access-Control-Allow-Methods: GET, POST, DELETE, PUT
1 < Access-Control-Allow-Headers: Content-Type, api_key, Authorization
1 < Server: Jetty(9.2.9.v20150224)
{"id":17142122,"category":{"id":0,"name":"string"},"name":"Oso de Peluche","photoUrls":["string"],"tags":[{"id":0,"name":"string"}],"status":"sold"}

17:59:08.046 [main] INFO  com.intuit.karate - karate.env system property was: null 
17:59:08.050 [main] INFO  com.intuit.karate - [print] pet is:  sold 
17:59:08.056 [main] DEBUG com.intuit.karate - request:
1 > GET https://petstore.swagger.io/v2/pet/findByStatus?status=sold
1 > Host: petstore.swagger.io
1 > Connection: Keep-Alive
1 > User-Agent: Apache-HttpClient/4.5.14 (Java/21.0.1)
1 > Accept-Encoding: gzip,deflate


17:59:08.365 [main] DEBUG com.intuit.karate - response time in milliseconds: 308
1 < 200
1 < Date: Tue, 21 May 2024 22:59:08 GMT
1 < Content-Type: application/json
1 < Transfer-Encoding: chunked
1 < Connection: keep-alive
1 < Access-Control-Allow-Origin: *
1 < Access-Control-Allow-Methods: GET, POST, DELETE, PUT
1 < Access-Control-Allow-Headers: Content-Type, api_key, Authorization
1 < Server: Jetty(9.2.9.v20150224)
[{"id":17142122,"category":{"id":0,"name":"string"},"name":"Oso de Peluche","photoUrls":["string"],"tags":[{"id":0,"name":"string"}],"status":"sold"}]

17:59:08.730 [main] INFO  com.intuit.karate - karate.env system property was: null 
17:59:08.733 [main] INFO  com.intuit.karate - [print] pet is:  {
}
 
17:59:08.734 [main] DEBUG com.intuit.karate - request:
1 > POST https://petstore.swagger.io/v2/pet
1 > Content-Type: application/json; charset=UTF-8
1 > Content-Length: 2
1 > Host: petstore.swagger.io
1 > Connection: Keep-Alive
1 > User-Agent: Apache-HttpClient/4.5.14 (Java/21.0.1)
1 > Accept-Encoding: gzip,deflate
{}

17:59:09.045 [main] DEBUG com.intuit.karate - response time in milliseconds: 310
1 < 200
1 < Date: Tue, 21 May 2024 22:59:09 GMT
1 < Content-Type: application/json
1 < Transfer-Encoding: chunked
1 < Connection: keep-alive
1 < Access-Control-Allow-Origin: *
1 < Access-Control-Allow-Methods: GET, POST, DELETE, PUT
1 < Access-Control-Allow-Headers: Content-Type, api_key, Authorization
1 < Server: Jetty(9.2.9.v20150224)
{"id":9222968140497180187,"photoUrls":[],"tags":[]}

17:59:09.056 [main] ERROR com.intuit.karate - classpath:usercases/feature/petnegativecases.feature:13
Then status 405
status code was: 200, expected: 405, response time in milliseconds: 310, url: https://petstore.swagger.io/v2/pet, response: 
{"id":9222968140497180187,"photoUrls":[],"tags":[]}
classpath:usercases/feature/petnegativecases.feature:13
17:59:09.070 [main] INFO  com.intuit.karate - karate.env system property was: null 
17:59:09.073 [main] DEBUG com.intuit.karate - request:
1 > GET https://petstore.swagger.io/v2/pet/345356680
1 > Host: petstore.swagger.io
1 > Connection: Keep-Alive
1 > User-Agent: Apache-HttpClient/4.5.14 (Java/21.0.1)
1 > Accept-Encoding: gzip,deflate


17:59:09.381 [main] DEBUG com.intuit.karate - response time in milliseconds: 308
1 < 404
1 < Date: Tue, 21 May 2024 22:59:09 GMT
1 < Content-Type: application/json
1 < Transfer-Encoding: chunked
1 < Connection: keep-alive
1 < Access-Control-Allow-Origin: *
1 < Access-Control-Allow-Methods: GET, POST, DELETE, PUT
1 < Access-Control-Allow-Headers: Content-Type, api_key, Authorization
1 < Server: Jetty(9.2.9.v20150224)
{"code":1,"type":"error","message":"Pet not found"}

17:59:09.383 [main] ERROR com.intuit.karate - classpath:usercases/feature/petnegativecases.feature:19
And match response contains jsonResponse404
match failed: CONTAINS
  $ | actual does not contain expected | all key-values did not match, expected has un-matched keys - [code] (MAP:MAP)
  {"code":1,"type":"error","message":"Pet not found"}
  {"code":404,"type":"error","message":"Pet not found"}

    $.code | not equal (NUMBER:NUMBER)
    1
    404

classpath:usercases/feature/petnegativecases.feature:19
17:59:09.390 [main] INFO  com.intuit.karate - karate.env system property was: null 
17:59:09.393 [main] DEBUG com.intuit.karate - request:
1 > GET https://petstore.swagger.io/v2/pet/-56
1 > Host: petstore.swagger.io
1 > Connection: Keep-Alive
1 > User-Agent: Apache-HttpClient/4.5.14 (Java/21.0.1)
1 > Accept-Encoding: gzip,deflate


17:59:09.716 [main] DEBUG com.intuit.karate - response time in milliseconds: 322
1 < 404
1 < Date: Tue, 21 May 2024 22:59:10 GMT
1 < Content-Type: application/json
1 < Transfer-Encoding: chunked
1 < Connection: keep-alive
1 < Access-Control-Allow-Origin: *
1 < Access-Control-Allow-Methods: GET, POST, DELETE, PUT
1 < Access-Control-Allow-Headers: Content-Type, api_key, Authorization
1 < Server: Jetty(9.2.9.v20150224)
{"code":1,"type":"error","message":"Pet not found"}

17:59:09.717 [main] ERROR com.intuit.karate - classpath:usercases/feature/petnegativecases.feature:24
Then status 400
status code was: 404, expected: 400, response time in milliseconds: 322, url: https://petstore.swagger.io/v2/pet/-56, response: 
{"code":1,"type":"error","message":"Pet not found"}
classpath:usercases/feature/petnegativecases.feature:24
17:59:09.730 [main] INFO  com.intuit.karate - karate.env system property was: null 
17:59:09.733 [main] INFO  com.intuit.karate - [print] pet update is:  {
  "id": 500246727,
  "category": {
    "id": 0,
    "name": "string"
  },
  "name": "Oso de Peluche",
  "photoUrls": [
    "string"
  ],
  "tags": [
    {
      "id": 0,
      "name": "string"
    }
  ],
  "status": "sold"
}
 
17:59:09.734 [main] DEBUG com.intuit.karate - request:
1 > PUT https://petstore.swagger.io/v2/pet
1 > Content-Type: application/json; charset=UTF-8
1 > Content-Length: 149
1 > Host: petstore.swagger.io
1 > Connection: Keep-Alive
1 > User-Agent: Apache-HttpClient/4.5.14 (Java/21.0.1)
1 > Accept-Encoding: gzip,deflate
{"id":500246727,"category":{"id":0,"name":"string"},"name":"Oso de Peluche","photoUrls":["string"],"tags":[{"id":0,"name":"string"}],"status":"sold"}

17:59:10.025 [main] DEBUG com.intuit.karate - response time in milliseconds: 291
1 < 200
1 < Date: Tue, 21 May 2024 22:59:10 GMT
1 < Content-Type: application/json
1 < Transfer-Encoding: chunked
1 < Connection: keep-alive
1 < Access-Control-Allow-Origin: *
1 < Access-Control-Allow-Methods: GET, POST, DELETE, PUT
1 < Access-Control-Allow-Headers: Content-Type, api_key, Authorization
1 < Server: Jetty(9.2.9.v20150224)
{"id":500246727,"category":{"id":0,"name":"string"},"name":"Oso de Peluche","photoUrls":["string"],"tags":[{"id":0,"name":"string"}],"status":"sold"}

17:59:10.027 [main] ERROR com.intuit.karate - classpath:usercases/feature/petnegativecases.feature:31
Then status 404
status code was: 200, expected: 404, response time in milliseconds: 291, url: https://petstore.swagger.io/v2/pet, response: 
{"id":500246727,"category":{"id":0,"name":"string"},"name":"Oso de Peluche","photoUrls":["string"],"tags":[{"id":0,"name":"string"}],"status":"sold"}
classpath:usercases/feature/petnegativecases.feature:31
17:59:10.037 [main] INFO  com.intuit.karate - karate.env system property was: null 
17:59:10.040 [main] DEBUG com.intuit.karate - request:
1 > GET https://petstore.swagger.io/v2/pet/findByStatus?status=found
1 > Host: petstore.swagger.io
1 > Connection: Keep-Alive
1 > User-Agent: Apache-HttpClient/4.5.14 (Java/21.0.1)
1 > Accept-Encoding: gzip,deflate


17:59:10.353 [main] DEBUG com.intuit.karate - response time in milliseconds: 312
1 < 200
1 < Date: Tue, 21 May 2024 22:59:10 GMT
1 < Content-Type: application/json
1 < Transfer-Encoding: chunked
1 < Connection: keep-alive
1 < Access-Control-Allow-Origin: *
1 < Access-Control-Allow-Methods: GET, POST, DELETE, PUT
1 < Access-Control-Allow-Headers: Content-Type, api_key, Authorization
1 < Server: Jetty(9.2.9.v20150224)
[]

17:59:10.354 [main] ERROR com.intuit.karate - classpath:usercases/feature/petnegativecases.feature:37
Then status 400
status code was: 200, expected: 400, response time in milliseconds: 312, url: https://petstore.swagger.io/v2/pet/findByStatus?status=found, response: 
[]
classpath:usercases/feature/petnegativecases.feature:37
